<?xml version="1.0" encoding="UTF-8"?>
<testng-results ignored="0" total="1" passed="0" failed="1" skipped="0">
  <reporter-output>
    <line>
      <![CDATA[Clicked on Sign In Link]]>
    </line>
    <line>
      <![CDATA[Sending username and password]]>
    </line>
    <line>
      <![CDATA[Selecting Upgrade from popup]]>
    </line>
    <line>
      <![CDATA[PTN Selector Page title verified]]>
    </line>
    <line>
      <![CDATA[Searching the PTN in search bar]]>
    </line>
    <line>
      <![CDATA[Selected iPhone12 Pro from Device Page]]>
    </line>
    <line>
      <![CDATA[Selected Lease Payoff termination option]]>
    </line>
    <line>
      <![CDATA[Selected IB contract term from PDP]]>
    </line>
    <line>
      <![CDATA[Selected Continue Button from PDP Page]]>
    </line>
    <line>
      <![CDATA[Add to cart button click in Upgrade flow]]>
    </line>
    <line>
      <![CDATA[Clicked on Checkout button in cart page]]>
    </line>
  </reporter-output>
  <suite started-at="2021-08-02T20:25:46 IST" name="Suite" finished-at="2021-08-02T20:27:07 IST" duration-ms="80314">
    <groups>
      <group name="Sanity">
        <method signature="JodUpgradePayoff.jodUpgrade(utility.Test_POJO)[pri:0, instance:regression.JodUpgradePayoff@37313c65]" name="jodUpgrade" class="regression.JodUpgradePayoff"/>
      </group> <!-- Sanity -->
    </groups>
    <test started-at="2021-08-02T20:25:46 IST" name="Test" finished-at="2021-08-02T20:27:07 IST" duration-ms="80314">
      <class name="regression.JodUpgradePayoff">
        <test-method is-config="true" signature="initialize(org.testng.ITestContext)[pri:0, instance:regression.JodUpgradePayoff@37313c65]" started-at="2021-08-02T20:25:47 IST" name="initialize" finished-at="2021-08-02T20:25:55 IST" duration-ms="8769" status="PASS">
          <params>
            <param index="0">
              <value>
                <![CDATA[org.testng.TestRunner@a96d56c]]>
              </value>
            </param>
          </params>
          <reporter-output>
          </reporter-output>
        </test-method> <!-- initialize -->
        <test-method signature="jodUpgrade(utility.Test_POJO)[pri:0, instance:regression.JodUpgradePayoff@37313c65]" started-at="2021-08-02T20:25:57 IST" name="jodUpgrade" data-provider="dataFile" finished-at="2021-08-02T20:27:07 IST" duration-ms="69631" status="FAIL">
          <params>
            <param index="0">
              <value>
                <![CDATA[utility.Test_POJO@766a4535]]>
              </value>
            </param>
          </params>
          <exception class="org.openqa.selenium.NoSuchElementException">
            <message>
              <![CDATA[no such element: Unable to locate element: {"method":"xpath","selector":"//label[@for='shipping-option-1']/div[1]/span"}
  (Session info: chrome=92.0.4515.107)
For documentation on this error, please visit: https://www.seleniumhq.org/exceptions/no_such_element.html
Build info: version: '3.141.59', revision: 'e82be7d358', time: '2018-11-14T08:25:48'
System info: host: 'XD-10ISLA-21114', ip: '10.236.234.171', os.name: 'Windows 10', os.arch: 'amd64', os.version: '10.0', java.version: '11.0.11'
Driver info: org.openqa.selenium.chrome.ChromeDriver
Capabilities {acceptInsecureCerts: false, browserName: chrome, browserVersion: 92.0.4515.107, chrome: {chromedriverVersion: 91.0.4472.19 (1bf021f248676..., userDataDir: C:\Users\fh059178\AppData\L...}, goog:chromeOptions: {debuggerAddress: localhost:58420}, javascriptEnabled: true, networkConnectionEnabled: false, pageLoadStrategy: normal, platform: WINDOWS, platformName: WINDOWS, proxy: Proxy(), setWindowRect: true, strictFileInteractability: false, timeouts: {implicit: 0, pageLoad: 300000, script: 30000}, unhandledPromptBehavior: dismiss and notify, webauthn:extension:largeBlob: true, webauthn:virtualAuthenticators: true}
Session ID: 94ab0d3d8602e29eb462d92c5a2e1e24
*** Element info: {Using=xpath, value=//label[@for='shipping-option-1']/div[1]/span}]]>
            </message>
            <full-stacktrace>
              <![CDATA[org.openqa.selenium.NoSuchElementException: no such element: Unable to locate element: {"method":"xpath","selector":"//label[@for='shipping-option-1']/div[1]/span"}
  (Session info: chrome=92.0.4515.107)
For documentation on this error, please visit: https://www.seleniumhq.org/exceptions/no_such_element.html
Build info: version: '3.141.59', revision: 'e82be7d358', time: '2018-11-14T08:25:48'
System info: host: 'XD-10ISLA-21114', ip: '10.236.234.171', os.name: 'Windows 10', os.arch: 'amd64', os.version: '10.0', java.version: '11.0.11'
Driver info: org.openqa.selenium.chrome.ChromeDriver
Capabilities {acceptInsecureCerts: false, browserName: chrome, browserVersion: 92.0.4515.107, chrome: {chromedriverVersion: 91.0.4472.19 (1bf021f248676..., userDataDir: C:\Users\fh059178\AppData\L...}, goog:chromeOptions: {debuggerAddress: localhost:58420}, javascriptEnabled: true, networkConnectionEnabled: false, pageLoadStrategy: normal, platform: WINDOWS, platformName: WINDOWS, proxy: Proxy(), setWindowRect: true, strictFileInteractability: false, timeouts: {implicit: 0, pageLoad: 300000, script: 30000}, unhandledPromptBehavior: dismiss and notify, webauthn:extension:largeBlob: true, webauthn:virtualAuthenticators: true}
Session ID: 94ab0d3d8602e29eb462d92c5a2e1e24
*** Element info: {Using=xpath, value=//label[@for='shipping-option-1']/div[1]/span}
at java.base/jdk.internal.reflect.NativeConstructorAccessorImpl.newInstance0(Native Method)
at java.base/jdk.internal.reflect.NativeConstructorAccessorImpl.newInstance(NativeConstructorAccessorImpl.java:62)
at java.base/jdk.internal.reflect.DelegatingConstructorAccessorImpl.newInstance(DelegatingConstructorAccessorImpl.java:45)
at java.base/java.lang.reflect.Constructor.newInstance(Constructor.java:490)
at org.openqa.selenium.remote.http.W3CHttpResponseCodec.createException(W3CHttpResponseCodec.java:187)
at org.openqa.selenium.remote.http.W3CHttpResponseCodec.decode(W3CHttpResponseCodec.java:122)
at org.openqa.selenium.remote.http.W3CHttpResponseCodec.decode(W3CHttpResponseCodec.java:49)
at org.openqa.selenium.remote.HttpCommandExecutor.execute(HttpCommandExecutor.java:158)
at org.openqa.selenium.remote.service.DriverCommandExecutor.execute(DriverCommandExecutor.java:83)
at org.openqa.selenium.remote.RemoteWebDriver.execute(RemoteWebDriver.java:552)
at org.openqa.selenium.remote.RemoteWebDriver.findElement(RemoteWebDriver.java:323)
at org.openqa.selenium.remote.RemoteWebDriver.findElementByXPath(RemoteWebDriver.java:428)
at org.openqa.selenium.By$ByXPath.findElement(By.java:353)
at org.openqa.selenium.remote.RemoteWebDriver.findElement(RemoteWebDriver.java:315)
at org.openqa.selenium.support.pagefactory.DefaultElementLocator.findElement(DefaultElementLocator.java:69)
at org.openqa.selenium.support.pagefactory.internal.LocatingElementHandler.invoke(LocatingElementHandler.java:38)
at com.sun.proxy.$Proxy13.isSelected(Unknown Source)
at pages.DeliveryPage.overnightShipping(DeliveryPage.java:55)
at regression.JodUpgradePayoff.jodUpgrade(JodUpgradePayoff.java:52)
at java.base/jdk.internal.reflect.NativeMethodAccessorImpl.invoke0(Native Method)
at java.base/jdk.internal.reflect.NativeMethodAccessorImpl.invoke(NativeMethodAccessorImpl.java:62)
at java.base/jdk.internal.reflect.DelegatingMethodAccessorImpl.invoke(DelegatingMethodAccessorImpl.java:43)
at java.base/java.lang.reflect.Method.invoke(Method.java:566)
at org.testng.internal.MethodInvocationHelper.invokeMethod(MethodInvocationHelper.java:132)
at org.testng.internal.TestInvoker.invokeMethod(TestInvoker.java:599)
at org.testng.internal.TestInvoker.invokeTestMethod(TestInvoker.java:174)
at org.testng.internal.MethodRunner.runInSequence(MethodRunner.java:46)
at org.testng.internal.TestInvoker$MethodInvocationAgent.invoke(TestInvoker.java:822)
at org.testng.internal.TestInvoker.invokeTestMethods(TestInvoker.java:147)
at org.testng.internal.TestMethodWorker.invokeTestMethods(TestMethodWorker.java:146)
at org.testng.internal.TestMethodWorker.run(TestMethodWorker.java:128)
at java.base/java.util.ArrayList.forEach(ArrayList.java:1541)
at org.testng.TestRunner.privateRun(TestRunner.java:764)
at org.testng.TestRunner.run(TestRunner.java:585)
at org.testng.SuiteRunner.runTest(SuiteRunner.java:384)
at org.testng.SuiteRunner.runSequentially(SuiteRunner.java:378)
at org.testng.SuiteRunner.privateRun(SuiteRunner.java:337)
at org.testng.SuiteRunner.run(SuiteRunner.java:286)
at org.testng.SuiteRunnerWorker.runSuite(SuiteRunnerWorker.java:53)
at org.testng.SuiteRunnerWorker.run(SuiteRunnerWorker.java:96)
at org.testng.TestNG.runSuitesSequentially(TestNG.java:1218)
at org.testng.TestNG.runSuitesLocally(TestNG.java:1140)
at org.testng.TestNG.runSuites(TestNG.java:1069)
at org.testng.TestNG.run(TestNG.java:1037)
at org.testng.remote.AbstractRemoteTestNG.run(AbstractRemoteTestNG.java:115)
at org.testng.remote.RemoteTestNG.initAndRun(RemoteTestNG.java:251)
at org.testng.remote.RemoteTestNG.main(RemoteTestNG.java:77)
]]>
            </full-stacktrace>
          </exception> <!-- org.openqa.selenium.NoSuchElementException -->
          <reporter-output>
            <line>
              <![CDATA[Clicked on Sign In Link]]>
            </line>
            <line>
              <![CDATA[Sending username and password]]>
            </line>
            <line>
              <![CDATA[Selecting Upgrade from popup]]>
            </line>
            <line>
              <![CDATA[PTN Selector Page title verified]]>
            </line>
            <line>
              <![CDATA[Searching the PTN in search bar]]>
            </line>
            <line>
              <![CDATA[Selected iPhone12 Pro from Device Page]]>
            </line>
            <line>
              <![CDATA[Selected Lease Payoff termination option]]>
            </line>
            <line>
              <![CDATA[Selected IB contract term from PDP]]>
            </line>
            <line>
              <![CDATA[Selected Continue Button from PDP Page]]>
            </line>
            <line>
              <![CDATA[Add to cart button click in Upgrade flow]]>
            </line>
            <line>
              <![CDATA[Clicked on Checkout button in cart page]]>
            </line>
          </reporter-output>
        </test-method> <!-- jodUpgrade -->
      </class> <!-- regression.JodUpgradePayoff -->
    </test> <!-- Test -->
  </suite> <!-- Suite -->
</testng-results>
